# JRE version: Java(TM) SE Runtime Environment (17.0.12+8) (build 17.0.12+8-LTS-286)
# Java VM: Java HotSpot(TM) 64-Bit Server VM (17.0.12+8-LTS-286, mixed mode, sharing, tiered, compressed oops, compressed class ptrs, g1 gc, windows-amd64)
GC Precious Log:
 CPUs: 4 total, 4 available
 Memory: 7932M
 Large Page Support: Disabled
 NUMA Support: Disabled
 Compressed Oops: Enabled (32-bit)
 Heap Region Size: 1M
 Heap Min Capacity: 8M
 Heap Initial Capacity: 124M
 Heap Max Capacity: 1984M
 Pre-touch: Disabled
 Parallel Workers: 4
 Concurrent Workers: 1
 Concurrent Refinement Workers: 4
 Periodic GC: Disabled
Heap:
 garbage-first heap   total 193536K, used 106092K [0x0000000084000000, 0x0000000100000000)
  region size 1024K, 39 young (39936K), 0 survivors (0K)
 Metaspace       used 131429K, committed 132480K, reserved 1179648K
  class space    used 13910K, committed 14400K, reserved 1048576K
GC Heap History (20 events):
Event: 4442.193 GC heap before
{Heap before GC invocations=198 (full 10):
 garbage-first heap   total 160768K, used 131285K [0x0000000084000000, 0x0000000100000000)
  region size 1024K, 70 young (71680K), 5 survivors (5120K)
 Metaspace       used 125788K, committed 126720K, reserved 1179648K
  class space    used 13474K, committed 13952K, reserved 1048576K
}
Event: 4442.198 GC heap after
{Heap after GC invocations=199 (full 10):
 garbage-first heap   total 160768K, used 66910K [0x0000000084000000, 0x0000000100000000)
  region size 1024K, 7 young (7168K), 7 survivors (7168K)
 Metaspace       used 125788K, committed 126720K, reserved 1179648K
  class space    used 13474K, committed 13952K, reserved 1048576K
}
Event: 4442.576 GC heap before
{Heap before GC invocations=200 (full 10):
 garbage-first heap   total 160768K, used 131422K [0x0000000084000000, 0x0000000100000000)
  region size 1024K, 70 young (71680K), 7 survivors (7168K)
 Metaspace       used 126288K, committed 127232K, reserved 1179648K
  class space    used 13499K, committed 13952K, reserved 1048576K
}
Event: 4442.582 GC heap after
{Heap after GC invocations=201 (full 10):
 garbage-first heap   total 160768K, used 69502K [0x0000000084000000, 0x0000000100000000)
  region size 1024K, 6 young (6144K), 6 survivors (6144K)
 Metaspace       used 126288K, committed 127232K, reserved 1179648K
  class space    used 13499K, committed 13952K, reserved 1048576K
}
Event: 4442.803 GC heap before
{Heap before GC invocations=201 (full 10):
 garbage-first heap   total 160768K, used 132990K [0x0000000084000000, 0x0000000100000000)
  region size 1024K, 68 young (69632K), 6 survivors (6144K)
 Metaspace       used 126848K, committed 127808K, reserved 1179648K
  class space    used 13530K, committed 14016K, reserved 1048576K
}
Event: 4442.810 GC heap after
{Heap after GC invocations=202 (full 10):
 garbage-first heap   total 193536K, used 72673K [0x0000000084000000, 0x0000000100000000)
  region size 1024K, 6 young (6144K), 6 survivors (6144K)
 Metaspace       used 126848K, committed 127808K, reserved 1179648K
  class space    used 13530K, committed 14016K, reserved 1048576K
}
Event: 4452.860 GC heap before
{Heap before GC invocations=203 (full 10):
 garbage-first heap   total 193536K, used 107489K [0x0000000084000000, 0x0000000100000000)
  region size 1024K, 41 young (41984K), 6 survivors (6144K)
 Metaspace       used 126912K, committed 127872K, reserved 1179648K
  class space    used 13538K, committed 14016K, reserved 1048576K
}
Event: 4452.969 GC heap after
{Heap after GC invocations=204 (full 11):
 garbage-first heap   total 193536K, used 57247K [0x0000000084000000, 0x0000000100000000)
  region size 1024K, 0 young (0K), 0 survivors (0K)
 Metaspace       used 126883K, committed 127872K, reserved 1179648K
  class space    used 13533K, committed 14016K, reserved 1048576K
}
Event: 4455.711 GC heap before
{Heap before GC invocations=204 (full 11):
 garbage-first heap   total 193536K, used 156575K [0x0000000084000000, 0x0000000100000000)
  region size 1024K, 97 young (99328K), 0 survivors (0K)
 Metaspace       used 128342K, committed 129280K, reserved 1179648K
  class space    used 13667K, committed 14144K, reserved 1048576K
}
Event: 4455.718 GC heap after
{Heap after GC invocations=205 (full 11):
 garbage-first heap   total 193536K, used 64675K [0x0000000084000000, 0x0000000100000000)
  region size 1024K, 8 young (8192K), 8 survivors (8192K)
 Metaspace       used 128342K, committed 129280K, reserved 1179648K
  class space    used 13667K, committed 14144K, reserved 1048576K
}
Event: 4460.486 GC heap before
{Heap before GC invocations=206 (full 11):
 garbage-first heap   total 193536K, used 154787K [0x0000000084000000, 0x0000000100000000)
  region size 1024K, 96 young (98304K), 8 survivors (8192K)
 Metaspace       used 128886K, committed 129920K, reserved 1179648K
  class space    used 13700K, committed 14208K, reserved 1048576K
}
Event: 4460.495 GC heap after
{Heap after GC invocations=207 (full 11):
 garbage-first heap   total 193536K, used 68560K [0x0000000084000000, 0x0000000100000000)
  region size 1024K, 5 young (5120K), 5 survivors (5120K)
 Metaspace       used 128886K, committed 129920K, reserved 1179648K
  class space    used 13700K, committed 14208K, reserved 1048576K
}
Event: 4460.792 GC heap before
{Heap before GC invocations=207 (full 11):
 garbage-first heap   total 193536K, used 155600K [0x0000000084000000, 0x0000000100000000)
  region size 1024K, 90 young (92160K), 5 survivors (5120K)
 Metaspace       used 129469K, committed 130496K, reserved 1179648K
  class space    used 13734K, committed 14208K, reserved 1048576K
}
Event: 4460.798 GC heap after
{Heap after GC invocations=208 (full 11):
 garbage-first heap   total 193536K, used 71409K [0x0000000084000000, 0x0000000100000000)
  region size 1024K, 8 young (8192K), 8 survivors (8192K)
 Metaspace       used 129469K, committed 130496K, reserved 1179648K
  class space    used 13734K, committed 14208K, reserved 1048576K
}
Event: 4461.306 GC heap before
{Heap before GC invocations=209 (full 11):
 garbage-first heap   total 193536K, used 157425K [0x0000000084000000, 0x0000000100000000)
  region size 1024K, 92 young (94208K), 8 survivors (8192K)
 Metaspace       used 130126K, committed 131136K, reserved 1179648K
  class space    used 13771K, committed 14272K, reserved 1048576K
}
Event: 4461.315 GC heap after
{Heap after GC invocations=210 (full 11):
 garbage-first heap   total 193536K, used 76555K [0x0000000084000000, 0x0000000100000000)
  region size 1024K, 9 young (9216K), 9 survivors (9216K)
 Metaspace       used 130126K, committed 131136K, reserved 1179648K
  class space    used 13771K, committed 14272K, reserved 1048576K
}
Event: 4560.194 GC heap before
{Heap before GC invocations=210 (full 11):
 garbage-first heap   total 193536K, used 157451K [0x0000000084000000, 0x0000000100000000)
  region size 1024K, 88 young (90112K), 9 survivors (9216K)
 Metaspace       used 130713K, committed 131776K, reserved 1179648K
  class space    used 13832K, committed 14336K, reserved 1048576K
}
Event: 4560.209 GC heap after
{Heap after GC invocations=211 (full 11):
 garbage-first heap   total 193536K, used 78634K [0x0000000084000000, 0x0000000100000000)
  region size 1024K, 8 young (8192K), 8 survivors (8192K)
 Metaspace       used 130713K, committed 131776K, reserved 1179648K
  class space    used 13832K, committed 14336K, reserved 1048576K
}
Event: 4726.084 GC heap before
{Heap before GC invocations=212 (full 11):
 garbage-first heap   total 193536K, used 131882K [0x0000000084000000, 0x0000000100000000)
  region size 1024K, 61 young (62464K), 8 survivors (8192K)
 Metaspace       used 130716K, committed 131776K, reserved 1179648K
  class space    used 13832K, committed 14336K, reserved 1048576K
}
Event: 4726.234 GC heap after
{Heap after GC invocations=213 (full 12):
 garbage-first heap   total 193536K, used 67180K [0x0000000084000000, 0x0000000100000000)
  region size 1024K, 0 young (0K), 0 survivors (0K)
 Metaspace       used 130690K, committed 131776K, reserved 1179648K
  class space    used 13827K, committed 14336K, reserved 1048576K
}

